TN:
SF:src/App.js
FN:8,App
FNF:1
FNH:1
FNDA:5,App
DA:9,5
LF:1
LH:1
BRF:0
BRH:0
end_of_record
TN:
SF:src/components/appointments/AppointmentForm.js
FN:8,AppointmentForm
FN:18,(anonymous_1)
FN:25,submitHandler
FN:33,(anonymous_3)
FN:34,(anonymous_4)
FN:51,handleClinicChange
FN:55,handleDoctorChange
FN:83,(anonymous_7)
FN:100,(anonymous_8)
FNF:9
FNH:9
FNDA:26,AppointmentForm
FNDA:12,(anonymous_1)
FNDA:2,submitHandler
FNDA:2,(anonymous_3)
FNDA:2,(anonymous_4)
FNDA:4,handleClinicChange
FNDA:1,handleDoctorChange
FNDA:104,(anonymous_7)
FNDA:29,(anonymous_8)
DA:9,26
DA:10,26
DA:11,26
DA:13,26
DA:14,26
DA:15,26
DA:18,26
DA:19,12
DA:20,12
DA:21,10
DA:26,2
DA:28,2
DA:29,2
DA:30,2
DA:33,2
DA:34,2
DA:36,2
DA:48,2
DA:52,4
DA:56,1
DA:59,26
DA:84,104
DA:101,29
DA:141,1
LF:24
LH:24
BRDA:19,0,0,12
BRDA:19,0,1,1
BRDA:20,1,0,10
BRDA:20,1,1,2
BRDA:20,2,0,12
BRDA:20,2,1,11
BRDA:133,3,0,2
BRDA:133,3,1,24
BRF:8
BRH:8
end_of_record
TN:
SF:src/components/appointments/AppointmentItem.js
FN:8,AppointmentItem
FN:14,toggleSaveStatusHandler
FN:32,deleteAppointmentHandler
FN:40,(anonymous_3)
FN:46,(anonymous_4)
FN:56,(anonymous_5)
FN:61,(anonymous_6)
FNF:7
FNH:7
FNDA:70,AppointmentItem
FNDA:6,toggleSaveStatusHandler
FNDA:17,deleteAppointmentHandler
FNDA:11,(anonymous_3)
FNDA:9,(anonymous_4)
FNDA:4,(anonymous_5)
FNDA:13,(anonymous_6)
DA:9,70
DA:10,70
DA:12,70
DA:15,6
DA:16,2
DA:18,4
DA:33,17
DA:34,14
DA:37,14
DA:41,11
DA:42,2
DA:44,9
DA:48,9
DA:49,2
DA:52,9
DA:53,4
DA:58,4
DA:59,4
DA:62,13
DA:68,70
DA:78,70
DA:114,2
LF:22
LH:22
BRDA:15,0,0,2
BRDA:15,0,1,4
BRDA:33,1,0,14
BRDA:33,1,1,3
BRDA:41,2,0,2
BRDA:41,2,1,9
BRDA:48,3,0,2
BRDA:48,3,1,7
BRDA:52,4,0,4
BRDA:52,4,1,5
BRDA:68,5,0,68
BRDA:68,5,1,2
BRDA:82,6,0,70
BRDA:82,6,1,1
BRDA:88,7,0,70
BRDA:88,7,1,68
BRDA:89,8,0,70
BRDA:89,8,1,68
BRDA:98,9,0,9
BRDA:98,9,1,61
BRDA:106,10,0,14
BRDA:106,10,1,56
BRF:22
BRH:22
end_of_record
TN:
SF:src/components/appointments/AppointmentList.js
FN:5,AppointmentList
FN:18,(anonymous_1)
FN:30,(anonymous_2)
FNF:3
FNH:3
FNDA:6,AppointmentList
FNDA:8,(anonymous_1)
FNDA:1,(anonymous_2)
DA:6,6
DA:8,6
DA:9,2
DA:16,4
DA:19,8
DA:38,1
LF:6
LH:6
BRDA:6,0,0,6
BRDA:6,0,1,1
BRDA:8,1,0,2
BRDA:8,1,1,4
BRDA:30,2,0,8
BRDA:30,2,1,6
BRF:6
BRH:6
end_of_record
TN:
SF:src/components/layout/Layout.js
FN:5,Layout
FNF:1
FNH:1
FNDA:6,Layout
DA:6,6
DA:16,2
LF:2
LH:2
BRF:0
BRH:0
end_of_record
TN:
SF:src/components/layout/MainNavigation.js
FN:8,MainNavigation
FNF:1
FNH:1
FNDA:15,MainNavigation
DA:9,15
DA:11,15
LF:2
LH:2
BRF:0
BRH:0
end_of_record
TN:
SF:src/components/ui/Card.js
FN:4,Card
FNF:1
FNH:1
FNDA:44,Card
DA:5,44
DA:8,2
LF:2
LH:2
BRF:0
BRH:0
end_of_record
TN:
SF:src/pages/AllAppointments.js
FN:5,AllAppointmentsPage
FN:10,(anonymous_1)
FN:16,(anonymous_2)
FN:22,(anonymous_3)
FN:24,(anonymous_4)
FN:32,(anonymous_5)
FN:40,(anonymous_6)
FN:44,(anonymous_7)
FN:46,(anonymous_8)
FN:47,(anonymous_9)
FNF:10
FNH:10
FNDA:28,AllAppointmentsPage
FNDA:15,(anonymous_1)
FNDA:10,(anonymous_2)
FNDA:9,(anonymous_3)
FNDA:8,(anonymous_4)
FNDA:4,(anonymous_5)
FNDA:14,(anonymous_6)
FNDA:1,(anonymous_7)
FNDA:1,(anonymous_8)
FNDA:2,(anonymous_9)
DA:6,28
DA:7,28
DA:8,28
DA:10,28
DA:11,15
DA:12,15
DA:15,15
DA:17,10
DA:18,1
DA:20,9
DA:24,9
DA:29,9
DA:30,9
DA:34,4
DA:35,4
DA:36,4
DA:40,28
DA:41,14
DA:44,28
DA:46,1
DA:47,2
DA:51,28
DA:52,15
DA:59,13
DA:60,4
DA:68,9
LF:26
LH:26
BRDA:17,0,0,1
BRDA:17,0,1,9
BRDA:51,1,0,15
BRDA:51,1,1,13
BRDA:59,2,0,4
BRDA:59,2,1,9
BRDA:71,3,0,3
BRDA:71,3,1,6
BRF:8
BRH:8
end_of_record
TN:
SF:src/pages/NewAppointment.js
FN:5,NewAppointmentPage
FN:10,onAddAppointmentHandler
FN:22,(anonymous_2)
FN:29,(anonymous_3)
FN:32,(anonymous_4)
FNF:5
FNH:5
FNDA:40,NewAppointmentPage
FNDA:13,onAddAppointmentHandler
FNDA:7,(anonymous_2)
FNDA:5,(anonymous_3)
FNDA:7,(anonymous_4)
DA:6,40
DA:7,40
DA:8,40
DA:11,13
DA:12,13
DA:15,13
DA:23,7
DA:24,7
DA:25,2
DA:27,5
DA:30,5
DA:33,7
DA:34,7
DA:38,40
LF:14
LH:14
BRDA:24,0,0,2
BRDA:24,0,1,5
BRDA:33,1,0,7
BRDA:33,1,1,2
BRDA:41,2,0,40
BRDA:41,2,1,7
BRDA:46,3,0,40
BRDA:46,3,1,13
BRF:8
BRH:8
end_of_record
TN:
SF:src/pages/SavedAppointments.js
FN:5,SavedAppointmentsPage
FNF:1
FNH:1
FNDA:9,SavedAppointmentsPage
DA:7,9
DA:11,9
DA:12,4
DA:14,5
DA:17,9
LF:5
LH:5
BRDA:11,0,0,4
BRDA:11,0,1,5
BRF:2
BRH:2
end_of_record
TN:
SF:src/store/saved-appointments-context.js
FN:8,(anonymous_0)
FN:9,(anonymous_1)
FN:10,(anonymous_2)
FN:13,SavedAppointmentsProvider
FN:17,saveAppointmentHandler
FN:18,(anonymous_5)
FN:20,(anonymous_6)
FN:29,removeAppointmentHandler
FN:30,(anonymous_8)
FN:31,(anonymous_9)
FN:35,isAppointmentSavedHandler
FN:36,(anonymous_11)
FNF:12
FNH:12
FNDA:1,(anonymous_0)
FNDA:1,(anonymous_1)
FNDA:2,(anonymous_2)
FNDA:63,SavedAppointmentsProvider
FNDA:12,saveAppointmentHandler
FNDA:12,(anonymous_5)
FNDA:3,(anonymous_6)
FNDA:4,removeAppointmentHandler
FNDA:4,(anonymous_8)
FNDA:3,(anonymous_9)
FNDA:50,isAppointmentSavedHandler
FNDA:9,(anonymous_11)
DA:5,13
DA:15,63
DA:18,12
DA:20,12
DA:21,12
DA:23,2
DA:25,10
DA:30,4
DA:31,4
DA:36,50
DA:39,63
DA:47,63
DA:54,13
LF:13
LH:13
BRDA:21,0,0,2
BRDA:21,0,1,10
BRF:2
BRH:2
end_of_record
TN:
SF:src/utils/clinicData.js
FN:44,(anonymous_0)
FN:45,(anonymous_1)
FN:49,(anonymous_2)
FN:51,(anonymous_3)
FN:58,(anonymous_4)
FNF:5
FNH:5
FNDA:4,(anonymous_0)
FNDA:9,(anonymous_1)
FNDA:4,(anonymous_2)
FNDA:16,(anonymous_3)
FNDA:5,(anonymous_4)
DA:3,1
DA:28,1
DA:44,1
DA:45,9
DA:49,1
DA:50,4
DA:51,16
DA:52,9
DA:54,2
DA:58,1
DA:59,5
DA:60,5
DA:61,15
DA:63,5
LF:14
LH:14
BRDA:52,0,0,2
BRDA:52,0,1,7
BRF:2
BRH:2
end_of_record
TN:
SF:src/utils/helpers.js
FN:2,(anonymous_0)
FN:20,(anonymous_1)
FN:39,(anonymous_2)
FN:59,(anonymous_3)
FN:66,(anonymous_4)
FN:76,(anonymous_5)
FNF:6
FNH:6
FNDA:4,(anonymous_0)
FNDA:5,(anonymous_1)
FNDA:4,(anonymous_2)
FNDA:8,(anonymous_3)
FNDA:9,(anonymous_4)
FNDA:4,(anonymous_5)
DA:2,1
DA:3,4
DA:5,2
DA:6,2
DA:7,2
DA:9,1
DA:16,0
DA:20,1
DA:21,5
DA:23,3
DA:24,3
DA:25,3
DA:26,3
DA:28,3
DA:30,2
DA:35,0
DA:39,1
DA:40,4
DA:42,2
DA:43,2
DA:44,2
DA:46,1
DA:55,0
DA:59,1
DA:60,8
DA:62,5
DA:63,5
DA:66,1
DA:67,9
DA:70,6
DA:73,6
DA:76,1
DA:77,4
LF:33
LH:30
BRDA:3,0,0,2
BRDA:3,0,1,2
BRDA:7,1,0,1
BRDA:7,1,1,1
BRDA:21,2,0,2
BRDA:21,2,1,3
BRDA:28,3,0,1
BRDA:28,3,1,2
BRDA:40,4,0,2
BRDA:40,4,1,2
BRDA:44,5,0,1
BRDA:44,5,1,1
BRDA:60,6,0,3
BRDA:60,6,1,5
BRDA:60,7,0,8
BRDA:60,7,1,6
BRDA:67,8,0,3
BRDA:67,8,1,6
BRDA:67,9,0,9
BRDA:67,9,1,7
BRF:20
BRH:20
end_of_record
