TN:
SF:src/App.js
FN:8,App
FNF:1
FNH:1
FNDA:5,App
DA:9,5
LF:1
LH:1
BRF:0
BRH:0
end_of_record
TN:
SF:src/components/appointments/AppointmentForm.js
FN:7,AppointmentForm
FN:17,(anonymous_1)
FN:24,submitHandler
FN:32,(anonymous_3)
FN:33,(anonymous_4)
FN:50,handleClinicChange
FN:54,handleDoctorChange
FN:82,(anonymous_7)
FN:99,(anonymous_8)
FNF:9
FNH:9
FNDA:26,AppointmentForm
FNDA:12,(anonymous_1)
FNDA:2,submitHandler
FNDA:2,(anonymous_3)
FNDA:2,(anonymous_4)
FNDA:4,handleClinicChange
FNDA:1,handleDoctorChange
FNDA:104,(anonymous_7)
FNDA:29,(anonymous_8)
DA:8,26
DA:9,26
DA:10,26
DA:12,26
DA:13,26
DA:14,26
DA:17,26
DA:18,12
DA:19,12
DA:20,10
DA:25,2
DA:27,2
DA:28,2
DA:29,2
DA:32,2
DA:33,2
DA:35,2
DA:47,2
DA:51,4
DA:55,1
DA:58,26
DA:83,104
DA:100,29
LF:23
LH:23
BRDA:18,0,0,12
BRDA:18,0,1,1
BRDA:19,1,0,10
BRDA:19,1,1,2
BRDA:19,2,0,12
BRDA:19,2,1,11
BRDA:132,3,0,2
BRDA:132,3,1,24
BRF:8
BRH:8
end_of_record
TN:
SF:src/components/appointments/AppointmentItem.js
FN:8,AppointmentItem
FN:14,toggleSaveStatusHandler
FN:32,deleteAppointmentHandler
FN:40,(anonymous_3)
FN:46,(anonymous_4)
FN:56,(anonymous_5)
FN:60,(anonymous_6)
FNF:7
FNH:7
FNDA:70,AppointmentItem
FNDA:6,toggleSaveStatusHandler
FNDA:17,deleteAppointmentHandler
FNDA:10,(anonymous_3)
FNDA:8,(anonymous_4)
FNDA:4,(anonymous_5)
FNDA:12,(anonymous_6)
DA:9,70
DA:10,70
DA:12,70
DA:15,6
DA:16,2
DA:18,4
DA:33,17
DA:34,14
DA:37,14
DA:41,10
DA:42,2
DA:44,8
DA:48,8
DA:49,2
DA:52,8
DA:53,4
DA:57,4
DA:58,4
DA:61,12
DA:67,70
DA:77,70
DA:113,2
LF:22
LH:22
BRDA:15,0,0,2
BRDA:15,0,1,4
BRDA:33,1,0,14
BRDA:33,1,1,3
BRDA:41,2,0,2
BRDA:41,2,1,8
BRDA:48,3,0,2
BRDA:48,3,1,6
BRDA:52,4,0,4
BRDA:52,4,1,4
BRDA:67,5,0,68
BRDA:67,5,1,2
BRDA:81,6,0,70
BRDA:81,6,1,1
BRDA:87,7,0,70
BRDA:87,7,1,68
BRDA:88,8,0,70
BRDA:88,8,1,68
BRDA:97,9,0,9
BRDA:97,9,1,61
BRDA:105,10,0,14
BRDA:105,10,1,56
BRF:22
BRH:22
end_of_record
TN:
SF:src/components/appointments/AppointmentList.js
FN:5,AppointmentList
FN:18,(anonymous_1)
FN:30,(anonymous_2)
FNF:3
FNH:3
FNDA:6,AppointmentList
FNDA:8,(anonymous_1)
FNDA:1,(anonymous_2)
DA:6,6
DA:8,6
DA:9,2
DA:16,4
DA:19,8
LF:5
LH:5
BRDA:6,0,0,6
BRDA:6,0,1,1
BRDA:8,1,0,2
BRDA:8,1,1,4
BRDA:30,2,0,8
BRDA:30,2,1,6
BRF:6
BRH:6
end_of_record
TN:
SF:src/components/layout/Layout.js
FN:4,Layout
FNF:1
FNH:1
FNDA:6,Layout
DA:5,6
LF:1
LH:1
BRF:0
BRH:0
end_of_record
TN:
SF:src/components/layout/MainNavigation.js
FN:8,MainNavigation
FNF:1
FNH:1
FNDA:15,MainNavigation
DA:9,15
DA:11,15
LF:2
LH:2
BRF:0
BRH:0
end_of_record
TN:
SF:src/components/ui/Card.js
FN:3,Card
FNF:1
FNH:1
FNDA:44,Card
DA:4,44
LF:1
LH:1
BRF:0
BRH:0
end_of_record
TN:
SF:src/pages/AllAppointments.js
FN:5,AllAppointmentsPage
FN:10,(anonymous_1)
FN:16,(anonymous_2)
FN:22,(anonymous_3)
FN:24,(anonymous_4)
FN:32,(anonymous_5)
FN:39,(anonymous_6)
FN:43,(anonymous_7)
FN:45,(anonymous_8)
FN:46,(anonymous_9)
FNF:10
FNH:10
FNDA:28,AllAppointmentsPage
FNDA:15,(anonymous_1)
FNDA:10,(anonymous_2)
FNDA:9,(anonymous_3)
FNDA:8,(anonymous_4)
FNDA:4,(anonymous_5)
FNDA:14,(anonymous_6)
FNDA:1,(anonymous_7)
FNDA:1,(anonymous_8)
FNDA:2,(anonymous_9)
DA:6,28
DA:7,28
DA:8,28
DA:10,28
DA:11,15
DA:12,15
DA:15,15
DA:17,10
DA:18,1
DA:20,9
DA:24,9
DA:29,9
DA:30,9
DA:33,4
DA:34,4
DA:35,4
DA:39,28
DA:40,14
DA:43,28
DA:45,1
DA:46,2
DA:50,28
DA:51,15
DA:58,13
DA:59,4
DA:67,9
LF:26
LH:26
BRDA:17,0,0,1
BRDA:17,0,1,9
BRDA:50,1,0,15
BRDA:50,1,1,13
BRDA:58,2,0,4
BRDA:58,2,1,9
BRDA:70,3,0,3
BRDA:70,3,1,6
BRF:8
BRH:8
end_of_record
TN:
SF:src/pages/NewAppointment.js
FN:5,NewAppointmentPage
FN:10,onAddAppointmentHandler
FN:22,(anonymous_2)
FN:29,(anonymous_3)
FN:32,(anonymous_4)
FNF:5
FNH:5
FNDA:40,NewAppointmentPage
FNDA:13,onAddAppointmentHandler
FNDA:7,(anonymous_2)
FNDA:5,(anonymous_3)
FNDA:7,(anonymous_4)
DA:6,40
DA:7,40
DA:8,40
DA:11,13
DA:12,13
DA:15,13
DA:23,7
DA:24,7
DA:25,2
DA:27,5
DA:30,5
DA:33,7
DA:34,7
DA:38,40
LF:14
LH:14
BRDA:24,0,0,2
BRDA:24,0,1,5
BRDA:33,1,0,7
BRDA:33,1,1,2
BRDA:41,2,0,40
BRDA:41,2,1,7
BRDA:46,3,0,40
BRDA:46,3,1,13
BRF:8
BRH:8
end_of_record
TN:
SF:src/pages/SavedAppointments.js
FN:5,SavedAppointmentsPage
FNF:1
FNH:1
FNDA:9,SavedAppointmentsPage
DA:7,9
DA:11,9
DA:12,4
DA:14,5
DA:17,9
LF:5
LH:5
BRDA:11,0,0,4
BRDA:11,0,1,5
BRF:2
BRH:2
end_of_record
TN:
SF:src/store/saved-appointments-context.js
FN:7,(anonymous_0)
FN:8,(anonymous_1)
FN:9,(anonymous_2)
FN:12,SavedAppointmentsProvider
FN:16,saveAppointmentHandler
FN:17,(anonymous_5)
FN:19,(anonymous_6)
FN:28,removeAppointmentHandler
FN:29,(anonymous_8)
FN:30,(anonymous_9)
FN:34,isAppointmentSavedHandler
FN:35,(anonymous_11)
FNF:12
FNH:12
FNDA:1,(anonymous_0)
FNDA:1,(anonymous_1)
FNDA:2,(anonymous_2)
FNDA:63,SavedAppointmentsProvider
FNDA:12,saveAppointmentHandler
FNDA:12,(anonymous_5)
FNDA:3,(anonymous_6)
FNDA:4,removeAppointmentHandler
FNDA:4,(anonymous_8)
FNDA:3,(anonymous_9)
FNDA:50,isAppointmentSavedHandler
FNDA:9,(anonymous_11)
DA:4,13
DA:14,63
DA:17,12
DA:19,12
DA:20,12
DA:22,2
DA:24,10
DA:29,4
DA:30,4
DA:35,50
DA:38,63
DA:46,63
LF:12
LH:12
BRDA:20,0,0,2
BRDA:20,0,1,10
BRF:2
BRH:2
end_of_record
TN:
SF:src/utils/clinicData.js
FN:44,(anonymous_0)
FN:45,(anonymous_1)
FN:49,(anonymous_2)
FN:51,(anonymous_3)
FN:58,(anonymous_4)
FNF:5
FNH:5
FNDA:4,(anonymous_0)
FNDA:9,(anonymous_1)
FNDA:4,(anonymous_2)
FNDA:16,(anonymous_3)
FNDA:5,(anonymous_4)
DA:3,1
DA:28,1
DA:44,1
DA:45,9
DA:49,1
DA:50,4
DA:51,16
DA:52,9
DA:54,2
DA:58,1
DA:59,5
DA:60,5
DA:61,15
DA:63,5
LF:14
LH:14
BRDA:52,0,0,2
BRDA:52,0,1,7
BRF:2
BRH:2
end_of_record
TN:
SF:src/utils/helpers.js
FN:2,(anonymous_0)
FN:20,(anonymous_1)
FN:39,(anonymous_2)
FN:59,(anonymous_3)
FN:66,(anonymous_4)
FN:76,(anonymous_5)
FNF:6
FNH:6
FNDA:4,(anonymous_0)
FNDA:5,(anonymous_1)
FNDA:4,(anonymous_2)
FNDA:8,(anonymous_3)
FNDA:9,(anonymous_4)
FNDA:4,(anonymous_5)
DA:2,1
DA:3,4
DA:5,2
DA:6,2
DA:7,2
DA:9,1
DA:16,0
DA:20,1
DA:21,5
DA:23,3
DA:24,3
DA:25,3
DA:26,3
DA:28,3
DA:30,2
DA:35,0
DA:39,1
DA:40,4
DA:42,2
DA:43,2
DA:44,2
DA:46,1
DA:55,0
DA:59,1
DA:60,8
DA:62,5
DA:63,5
DA:66,1
DA:67,9
DA:70,6
DA:73,6
DA:76,1
DA:77,4
LF:33
LH:30
BRDA:3,0,0,2
BRDA:3,0,1,2
BRDA:7,1,0,1
BRDA:7,1,1,1
BRDA:21,2,0,2
BRDA:21,2,1,3
BRDA:28,3,0,1
BRDA:28,3,1,2
BRDA:40,4,0,2
BRDA:40,4,1,2
BRDA:44,5,0,1
BRDA:44,5,1,1
BRDA:60,6,0,3
BRDA:60,6,1,5
BRDA:60,7,0,8
BRDA:60,7,1,6
BRDA:67,8,0,3
BRDA:67,8,1,6
BRDA:67,9,0,9
BRDA:67,9,1,7
BRF:20
BRH:20
end_of_record
